2014-10-02 14:14:22.003 [main] DEBUG org.springframework.core.env.StandardEnvironment - Adding [systemProperties] PropertySource with lowest search precedence
2014-10-02 14:14:22.006 [main] DEBUG org.springframework.core.env.StandardEnvironment - Adding [systemEnvironment] PropertySource with lowest search precedence
2014-10-02 14:14:22.006 [main] DEBUG org.springframework.core.env.StandardEnvironment - Initialized StandardEnvironment with PropertySources [systemProperties,systemEnvironment]
2014-10-02 14:14:22.034 [main] INFO  org.springframework.context.annotation.AnnotationConfigApplicationContext - Refreshing org.springframework.context.annotation.AnnotationConfigApplicationContext@61355dd0: startup date [Thu Oct 02 14:14:22 PDT 2014]; root of context hierarchy
2014-10-02 14:14:22.034 [main] DEBUG org.springframework.context.annotation.AnnotationConfigApplicationContext - Bean factory for org.springframework.context.annotation.AnnotationConfigApplicationContext@61355dd0: org.springframework.beans.factory.support.DefaultListableBeanFactory@27b1603b: defining beans [org.springframework.context.annotation.internalConfigurationAnnotationProcessor,org.springframework.context.annotation.internalAutowiredAnnotationProcessor,org.springframework.context.annotation.internalRequiredAnnotationProcessor,org.springframework.context.annotation.internalCommonAnnotationProcessor,org.springframework.context.annotation.internalPersistenceAnnotationProcessor,testConfiguration]; root of factory hierarchy
2014-10-02 14:14:22.043 [main] DEBUG org.springframework.beans.factory.support.DefaultListableBeanFactory - Creating shared instance of singleton bean 'org.springframework.context.annotation.internalConfigurationAnnotationProcessor'
2014-10-02 14:14:22.043 [main] DEBUG org.springframework.beans.factory.support.DefaultListableBeanFactory - Creating instance of bean 'org.springframework.context.annotation.internalConfigurationAnnotationProcessor'
2014-10-02 14:14:22.056 [main] DEBUG org.springframework.beans.factory.support.DefaultListableBeanFactory - Eagerly caching bean 'org.springframework.context.annotation.internalConfigurationAnnotationProcessor' to allow for resolving potential circular references
2014-10-02 14:14:22.058 [main] DEBUG org.springframework.beans.factory.support.DefaultListableBeanFactory - Finished creating instance of bean 'org.springframework.context.annotation.internalConfigurationAnnotationProcessor'
2014-10-02 14:14:22.082 [main] DEBUG org.springframework.context.annotation.ConfigurationClassBeanDefinitionReader - Registering bean definition for @Bean method edu.berkeley.path.next.TestDisruptor.TestConfiguration.receiver()
2014-10-02 14:14:22.082 [main] DEBUG org.springframework.context.annotation.ConfigurationClassBeanDefinitionReader - Registering bean definition for @Bean method edu.berkeley.path.next.TestDisruptor.TestConfiguration.env()
2014-10-02 14:14:22.083 [main] DEBUG org.springframework.context.annotation.ConfigurationClassBeanDefinitionReader - Registering bean definition for @Bean method edu.berkeley.path.next.TestDisruptor.TestConfiguration.publisher()
2014-10-02 14:14:22.083 [main] DEBUG org.springframework.context.annotation.ConfigurationClassBeanDefinitionReader - Registering bean definition for @Bean method edu.berkeley.path.next.TestDisruptor.TestConfiguration.latch()
2014-10-02 14:14:22.084 [main] DEBUG org.springframework.context.annotation.ConfigurationClassBeanDefinitionReader - Registering bean definition for @Bean method edu.berkeley.path.next.TestDisruptor.TestConfiguration.createReactor()
2014-10-02 14:14:22.084 [main] DEBUG org.springframework.context.annotation.ConfigurationClassBeanDefinitionReader - Registering bean definition for @Bean method edu.berkeley.path.next.TestDisruptor.TestConfiguration.runTest()
2014-10-02 14:14:22.095 [main] DEBUG org.springframework.beans.factory.support.DefaultListableBeanFactory - Creating shared instance of singleton bean 'org.springframework.context.annotation.internalAutowiredAnnotationProcessor'
2014-10-02 14:14:22.095 [main] DEBUG org.springframework.beans.factory.support.DefaultListableBeanFactory - Creating instance of bean 'org.springframework.context.annotation.internalAutowiredAnnotationProcessor'
2014-10-02 14:14:22.096 [main] DEBUG org.springframework.beans.factory.support.DefaultListableBeanFactory - Eagerly caching bean 'org.springframework.context.annotation.internalAutowiredAnnotationProcessor' to allow for resolving potential circular references
2014-10-02 14:14:22.096 [main] DEBUG org.springframework.beans.factory.support.DefaultListableBeanFactory - Finished creating instance of bean 'org.springframework.context.annotation.internalAutowiredAnnotationProcessor'
2014-10-02 14:14:22.096 [main] DEBUG org.springframework.beans.factory.support.DefaultListableBeanFactory - Creating shared instance of singleton bean 'org.springframework.context.annotation.internalRequiredAnnotationProcessor'
2014-10-02 14:14:22.096 [main] DEBUG org.springframework.beans.factory.support.DefaultListableBeanFactory - Creating instance of bean 'org.springframework.context.annotation.internalRequiredAnnotationProcessor'
2014-10-02 14:14:22.097 [main] DEBUG org.springframework.beans.factory.support.DefaultListableBeanFactory - Eagerly caching bean 'org.springframework.context.annotation.internalRequiredAnnotationProcessor' to allow for resolving potential circular references
2014-10-02 14:14:22.097 [main] DEBUG org.springframework.beans.factory.support.DefaultListableBeanFactory - Finished creating instance of bean 'org.springframework.context.annotation.internalRequiredAnnotationProcessor'
2014-10-02 14:14:22.097 [main] DEBUG org.springframework.beans.factory.support.DefaultListableBeanFactory - Creating shared instance of singleton bean 'org.springframework.context.annotation.internalCommonAnnotationProcessor'
2014-10-02 14:14:22.097 [main] DEBUG org.springframework.beans.factory.support.DefaultListableBeanFactory - Creating instance of bean 'org.springframework.context.annotation.internalCommonAnnotationProcessor'
2014-10-02 14:14:22.101 [main] DEBUG org.springframework.beans.factory.support.DefaultListableBeanFactory - Eagerly caching bean 'org.springframework.context.annotation.internalCommonAnnotationProcessor' to allow for resolving potential circular references
2014-10-02 14:14:22.101 [main] DEBUG org.springframework.beans.factory.support.DefaultListableBeanFactory - Finished creating instance of bean 'org.springframework.context.annotation.internalCommonAnnotationProcessor'
2014-10-02 14:14:22.101 [main] DEBUG org.springframework.beans.factory.support.DefaultListableBeanFactory - Creating shared instance of singleton bean 'org.springframework.context.annotation.internalPersistenceAnnotationProcessor'
2014-10-02 14:14:22.101 [main] DEBUG org.springframework.beans.factory.support.DefaultListableBeanFactory - Creating instance of bean 'org.springframework.context.annotation.internalPersistenceAnnotationProcessor'
2014-10-02 14:14:22.102 [main] DEBUG org.springframework.beans.factory.support.DefaultListableBeanFactory - Eagerly caching bean 'org.springframework.context.annotation.internalPersistenceAnnotationProcessor' to allow for resolving potential circular references
2014-10-02 14:14:22.102 [main] DEBUG org.springframework.beans.factory.support.DefaultListableBeanFactory - Finished creating instance of bean 'org.springframework.context.annotation.internalPersistenceAnnotationProcessor'
2014-10-02 14:14:22.102 [main] DEBUG org.springframework.beans.factory.support.DefaultListableBeanFactory - Creating shared instance of singleton bean 'org.springframework.context.annotation.ConfigurationClassPostProcessor.importAwareProcessor'
2014-10-02 14:14:22.102 [main] DEBUG org.springframework.beans.factory.support.DefaultListableBeanFactory - Creating instance of bean 'org.springframework.context.annotation.ConfigurationClassPostProcessor.importAwareProcessor'
2014-10-02 14:14:22.102 [main] DEBUG org.springframework.beans.factory.support.DefaultListableBeanFactory - Eagerly caching bean 'org.springframework.context.annotation.ConfigurationClassPostProcessor.importAwareProcessor' to allow for resolving potential circular references
2014-10-02 14:14:22.103 [main] DEBUG org.springframework.beans.factory.support.DefaultListableBeanFactory - Finished creating instance of bean 'org.springframework.context.annotation.ConfigurationClassPostProcessor.importAwareProcessor'
2014-10-02 14:14:22.103 [main] DEBUG org.springframework.beans.factory.support.DefaultListableBeanFactory - Creating shared instance of singleton bean 'org.springframework.context.annotation.ConfigurationClassPostProcessor.enhancedConfigurationProcessor'
2014-10-02 14:14:22.103 [main] DEBUG org.springframework.beans.factory.support.DefaultListableBeanFactory - Creating instance of bean 'org.springframework.context.annotation.ConfigurationClassPostProcessor.enhancedConfigurationProcessor'
2014-10-02 14:14:22.103 [main] DEBUG org.springframework.beans.factory.support.DefaultListableBeanFactory - Eagerly caching bean 'org.springframework.context.annotation.ConfigurationClassPostProcessor.enhancedConfigurationProcessor' to allow for resolving potential circular references
2014-10-02 14:14:22.103 [main] DEBUG org.springframework.beans.factory.support.DefaultListableBeanFactory - Finished creating instance of bean 'org.springframework.context.annotation.ConfigurationClassPostProcessor.enhancedConfigurationProcessor'
2014-10-02 14:14:22.105 [main] DEBUG org.springframework.context.annotation.AnnotationConfigApplicationContext - Unable to locate MessageSource with name 'messageSource': using default [org.springframework.context.support.DelegatingMessageSource@4882cd4c]
2014-10-02 14:14:22.107 [main] DEBUG org.springframework.context.annotation.AnnotationConfigApplicationContext - Unable to locate ApplicationEventMulticaster with name 'applicationEventMulticaster': using default [org.springframework.context.event.SimpleApplicationEventMulticaster@2be33a92]
2014-10-02 14:14:22.112 [main] DEBUG org.springframework.beans.factory.support.DefaultListableBeanFactory - Pre-instantiating singletons in org.springframework.beans.factory.support.DefaultListableBeanFactory@27b1603b: defining beans [org.springframework.context.annotation.internalConfigurationAnnotationProcessor,org.springframework.context.annotation.internalAutowiredAnnotationProcessor,org.springframework.context.annotation.internalRequiredAnnotationProcessor,org.springframework.context.annotation.internalCommonAnnotationProcessor,org.springframework.context.annotation.internalPersistenceAnnotationProcessor,testConfiguration,org.springframework.context.annotation.ConfigurationClassPostProcessor.importAwareProcessor,org.springframework.context.annotation.ConfigurationClassPostProcessor.enhancedConfigurationProcessor,receiver,env,publisher,latch,createReactor,runTest]; root of factory hierarchy
2014-10-02 14:14:22.112 [main] DEBUG org.springframework.beans.factory.support.DefaultListableBeanFactory - Returning cached instance of singleton bean 'org.springframework.context.annotation.internalConfigurationAnnotationProcessor'
2014-10-02 14:14:22.112 [main] DEBUG org.springframework.beans.factory.support.DefaultListableBeanFactory - Returning cached instance of singleton bean 'org.springframework.context.annotation.internalAutowiredAnnotationProcessor'
2014-10-02 14:14:22.112 [main] DEBUG org.springframework.beans.factory.support.DefaultListableBeanFactory - Returning cached instance of singleton bean 'org.springframework.context.annotation.internalRequiredAnnotationProcessor'
2014-10-02 14:14:22.112 [main] DEBUG org.springframework.beans.factory.support.DefaultListableBeanFactory - Returning cached instance of singleton bean 'org.springframework.context.annotation.internalCommonAnnotationProcessor'
2014-10-02 14:14:22.112 [main] DEBUG org.springframework.beans.factory.support.DefaultListableBeanFactory - Returning cached instance of singleton bean 'org.springframework.context.annotation.internalPersistenceAnnotationProcessor'
2014-10-02 14:14:22.112 [main] DEBUG org.springframework.beans.factory.support.DefaultListableBeanFactory - Creating shared instance of singleton bean 'testConfiguration'
2014-10-02 14:14:22.112 [main] DEBUG org.springframework.beans.factory.support.DefaultListableBeanFactory - Creating instance of bean 'testConfiguration'
2014-10-02 14:14:22.116 [main] DEBUG org.springframework.beans.factory.support.DefaultListableBeanFactory - Eagerly caching bean 'testConfiguration' to allow for resolving potential circular references
2014-10-02 14:14:22.122 [main] TRACE org.springframework.core.io.support.SpringFactoriesLoader - Loaded [org.springframework.beans.BeanInfoFactory] names: [org.springframework.beans.ExtendedBeanInfoFactory]
2014-10-02 14:14:22.123 [main] TRACE org.springframework.beans.CachedIntrospectionResults - Getting BeanInfo for class [edu.berkeley.path.next.TestDisruptor.TestConfiguration]
2014-10-02 14:14:22.127 [main] TRACE org.springframework.beans.CachedIntrospectionResults - Caching PropertyDescriptors for class [edu.berkeley.path.next.TestDisruptor.TestConfiguration]
2014-10-02 14:14:22.127 [main] TRACE org.springframework.beans.CachedIntrospectionResults - Found bean property 'class' of type [java.lang.Class]
2014-10-02 14:14:22.130 [main] DEBUG org.springframework.beans.factory.support.DefaultListableBeanFactory - Finished creating instance of bean 'testConfiguration'
2014-10-02 14:14:22.130 [main] DEBUG org.springframework.beans.factory.support.DefaultListableBeanFactory - Returning cached instance of singleton bean 'org.springframework.context.annotation.ConfigurationClassPostProcessor.importAwareProcessor'
2014-10-02 14:14:22.130 [main] DEBUG org.springframework.beans.factory.support.DefaultListableBeanFactory - Returning cached instance of singleton bean 'org.springframework.context.annotation.ConfigurationClassPostProcessor.enhancedConfigurationProcessor'
2014-10-02 14:14:22.131 [main] DEBUG org.springframework.beans.factory.support.DefaultListableBeanFactory - Creating shared instance of singleton bean 'receiver'
2014-10-02 14:14:22.131 [main] DEBUG org.springframework.beans.factory.support.DefaultListableBeanFactory - Creating instance of bean 'receiver'
2014-10-02 14:14:22.132 [main] DEBUG org.springframework.beans.factory.support.DefaultListableBeanFactory - Returning cached instance of singleton bean 'testConfiguration'
2014-10-02 14:14:22.146 [main] DEBUG org.springframework.beans.factory.annotation.InjectionMetadata - Registered injected element on class [edu.berkeley.path.next.TestDisruptor.Receiver]: AutowiredFieldElement for java.util.concurrent.CountDownLatch edu.berkeley.path.next.TestDisruptor.Receiver.latch
2014-10-02 14:14:22.146 [main] DEBUG org.springframework.beans.factory.support.DefaultListableBeanFactory - Eagerly caching bean 'receiver' to allow for resolving potential circular references
2014-10-02 14:14:22.146 [main] TRACE org.springframework.beans.CachedIntrospectionResults - Getting BeanInfo for class [edu.berkeley.path.next.TestDisruptor.Receiver]
2014-10-02 14:14:22.147 [main] TRACE org.springframework.beans.CachedIntrospectionResults - Caching PropertyDescriptors for class [edu.berkeley.path.next.TestDisruptor.Receiver]
2014-10-02 14:14:22.147 [main] TRACE org.springframework.beans.CachedIntrospectionResults - Found bean property 'class' of type [java.lang.Class]
2014-10-02 14:14:22.148 [main] DEBUG org.springframework.beans.factory.annotation.InjectionMetadata - Processing injected method of bean 'receiver': AutowiredFieldElement for java.util.concurrent.CountDownLatch edu.berkeley.path.next.TestDisruptor.Receiver.latch
2014-10-02 14:14:22.150 [main] DEBUG org.springframework.beans.factory.support.DefaultListableBeanFactory - Creating shared instance of singleton bean 'latch'
2014-10-02 14:14:22.150 [main] DEBUG org.springframework.beans.factory.support.DefaultListableBeanFactory - Creating instance of bean 'latch'
2014-10-02 14:14:22.150 [main] DEBUG org.springframework.beans.factory.support.DefaultListableBeanFactory - Returning cached instance of singleton bean 'testConfiguration'
2014-10-02 14:14:22.150 [main] DEBUG org.springframework.beans.factory.support.DefaultListableBeanFactory - Eagerly caching bean 'latch' to allow for resolving potential circular references
2014-10-02 14:14:22.150 [main] TRACE org.springframework.beans.CachedIntrospectionResults - Getting BeanInfo for class [java.util.concurrent.CountDownLatch]
2014-10-02 14:14:22.151 [main] TRACE org.springframework.beans.CachedIntrospectionResults - Caching PropertyDescriptors for class [java.util.concurrent.CountDownLatch]
2014-10-02 14:14:22.151 [main] TRACE org.springframework.beans.CachedIntrospectionResults - Found bean property 'class' of type [java.lang.Class]
2014-10-02 14:14:22.151 [main] TRACE org.springframework.beans.CachedIntrospectionResults - Found bean property 'count' of type [long]
2014-10-02 14:14:22.151 [main] DEBUG org.springframework.beans.factory.support.DefaultListableBeanFactory - Finished creating instance of bean 'latch'
2014-10-02 14:14:22.152 [main] DEBUG org.springframework.beans.factory.annotation.AutowiredAnnotationBeanPostProcessor - Autowiring by type from bean name 'receiver' to bean named 'latch'
2014-10-02 14:14:22.152 [main] DEBUG org.springframework.beans.factory.support.DefaultListableBeanFactory - Finished creating instance of bean 'receiver'
2014-10-02 14:14:22.152 [main] DEBUG org.springframework.beans.factory.support.DefaultListableBeanFactory - Creating shared instance of singleton bean 'env'
2014-10-02 14:14:22.152 [main] DEBUG org.springframework.beans.factory.support.DefaultListableBeanFactory - Creating instance of bean 'env'
2014-10-02 14:14:22.152 [main] DEBUG org.springframework.beans.factory.support.DefaultListableBeanFactory - Returning cached instance of singleton bean 'testConfiguration'
2014-10-02 14:14:22.205 [main] DEBUG org.springframework.beans.factory.support.DefaultListableBeanFactory - Eagerly caching bean 'env' to allow for resolving potential circular references
2014-10-02 14:14:22.206 [main] TRACE org.springframework.beans.CachedIntrospectionResults - Getting BeanInfo for class [reactor.core.Environment]
2014-10-02 14:14:22.207 [main] TRACE org.springframework.beans.CachedIntrospectionResults - Caching PropertyDescriptors for class [reactor.core.Environment]
2014-10-02 14:14:22.207 [main] TRACE org.springframework.beans.CachedIntrospectionResults - Found bean property 'class' of type [java.lang.Class]
2014-10-02 14:14:22.207 [main] TRACE org.springframework.beans.CachedIntrospectionResults - Found bean property 'defaultDispatcher' of type [reactor.event.dispatch.Dispatcher]
2014-10-02 14:14:22.207 [main] TRACE org.springframework.beans.CachedIntrospectionResults - Found bean property 'rootReactor' of type [reactor.core.Reactor]
2014-10-02 14:14:22.207 [main] TRACE org.springframework.beans.CachedIntrospectionResults - Found bean property 'rootTimer' of type [reactor.timer.Timer]
2014-10-02 14:14:22.208 [main] DEBUG org.springframework.beans.factory.support.DefaultListableBeanFactory - Finished creating instance of bean 'env'
2014-10-02 14:14:22.208 [main] DEBUG org.springframework.beans.factory.support.DefaultListableBeanFactory - Creating shared instance of singleton bean 'publisher'
2014-10-02 14:14:22.208 [main] DEBUG org.springframework.beans.factory.support.DefaultListableBeanFactory - Creating instance of bean 'publisher'
2014-10-02 14:14:22.208 [main] DEBUG org.springframework.beans.factory.support.DefaultListableBeanFactory - Returning cached instance of singleton bean 'testConfiguration'
2014-10-02 14:14:22.210 [main] DEBUG org.springframework.beans.factory.annotation.InjectionMetadata - Registered injected element on class [edu.berkeley.path.next.TestDisruptor.Publisher]: AutowiredFieldElement for private reactor.core.Reactor edu.berkeley.path.next.TestDisruptor.Publisher.rbReactor
2014-10-02 14:14:22.210 [main] DEBUG org.springframework.beans.factory.annotation.InjectionMetadata - Registered injected element on class [edu.berkeley.path.next.TestDisruptor.Publisher]: AutowiredFieldElement for java.util.concurrent.CountDownLatch edu.berkeley.path.next.TestDisruptor.Publisher.latch
2014-10-02 14:14:22.210 [main] DEBUG org.springframework.beans.factory.support.DefaultListableBeanFactory - Eagerly caching bean 'publisher' to allow for resolving potential circular references
2014-10-02 14:14:22.210 [main] TRACE org.springframework.beans.CachedIntrospectionResults - Getting BeanInfo for class [edu.berkeley.path.next.TestDisruptor.Publisher]
2014-10-02 14:14:22.211 [main] TRACE org.springframework.beans.CachedIntrospectionResults - Caching PropertyDescriptors for class [edu.berkeley.path.next.TestDisruptor.Publisher]
2014-10-02 14:14:22.211 [main] TRACE org.springframework.beans.CachedIntrospectionResults - Found bean property 'class' of type [java.lang.Class]
2014-10-02 14:14:22.211 [main] DEBUG org.springframework.beans.factory.annotation.InjectionMetadata - Processing injected method of bean 'publisher': AutowiredFieldElement for private reactor.core.Reactor edu.berkeley.path.next.TestDisruptor.Publisher.rbReactor
2014-10-02 14:14:22.212 [main] DEBUG org.springframework.beans.factory.support.DefaultListableBeanFactory - Creating shared instance of singleton bean 'createReactor'
2014-10-02 14:14:22.212 [main] DEBUG org.springframework.beans.factory.support.DefaultListableBeanFactory - Creating instance of bean 'createReactor'
2014-10-02 14:14:22.212 [main] DEBUG org.springframework.beans.factory.support.DefaultListableBeanFactory - Returning cached instance of singleton bean 'testConfiguration'
2014-10-02 14:14:22.212 [main] DEBUG org.springframework.beans.factory.support.DefaultListableBeanFactory - Returning cached instance of singleton bean 'env'
2014-10-02 14:14:22.213 [main] DEBUG org.springframework.beans.factory.support.DefaultListableBeanFactory - Autowiring by type from bean name 'createReactor' via factory method to bean named 'env'
2014-10-02 14:14:22.317 [main] DEBUG org.springframework.beans.factory.support.DefaultListableBeanFactory - Eagerly caching bean 'createReactor' to allow for resolving potential circular references
2014-10-02 14:14:22.317 [main] TRACE org.springframework.beans.CachedIntrospectionResults - Getting BeanInfo for class [reactor.core.Reactor]
2014-10-02 14:14:22.319 [main] TRACE org.springframework.beans.CachedIntrospectionResults - Caching PropertyDescriptors for class [reactor.core.Reactor]
2014-10-02 14:14:22.319 [main] TRACE org.springframework.beans.CachedIntrospectionResults - Found bean property 'class' of type [java.lang.Class]
2014-10-02 14:14:22.319 [main] TRACE org.springframework.beans.CachedIntrospectionResults - Found bean property 'consumerRegistry' of type [reactor.event.registry.Registry]
2014-10-02 14:14:22.320 [main] TRACE org.springframework.beans.CachedIntrospectionResults - Found bean property 'dispatcher' of type [reactor.event.dispatch.Dispatcher]
2014-10-02 14:14:22.320 [main] TRACE org.springframework.beans.CachedIntrospectionResults - Found bean property 'eventRouter' of type [reactor.event.routing.EventRouter]
2014-10-02 14:14:22.320 [main] TRACE org.springframework.beans.CachedIntrospectionResults - Found bean property 'id' of type [java.util.UUID]
2014-10-02 14:14:22.320 [main] DEBUG org.springframework.beans.factory.support.DefaultListableBeanFactory - Finished creating instance of bean 'createReactor'
2014-10-02 14:14:22.320 [main] DEBUG org.springframework.beans.factory.annotation.AutowiredAnnotationBeanPostProcessor - Autowiring by type from bean name 'publisher' to bean named 'createReactor'
2014-10-02 14:14:22.320 [main] DEBUG org.springframework.beans.factory.annotation.InjectionMetadata - Processing injected method of bean 'publisher': AutowiredFieldElement for java.util.concurrent.CountDownLatch edu.berkeley.path.next.TestDisruptor.Publisher.latch
2014-10-02 14:14:22.321 [main] DEBUG org.springframework.beans.factory.support.DefaultListableBeanFactory - Returning cached instance of singleton bean 'latch'
2014-10-02 14:14:22.321 [main] DEBUG org.springframework.beans.factory.annotation.AutowiredAnnotationBeanPostProcessor - Autowiring by type from bean name 'publisher' to bean named 'latch'
2014-10-02 14:14:22.321 [main] DEBUG org.springframework.beans.factory.support.DefaultListableBeanFactory - Finished creating instance of bean 'publisher'
2014-10-02 14:14:22.321 [main] DEBUG org.springframework.beans.factory.support.DefaultListableBeanFactory - Returning cached instance of singleton bean 'latch'
2014-10-02 14:14:22.321 [main] DEBUG org.springframework.beans.factory.support.DefaultListableBeanFactory - Returning cached instance of singleton bean 'createReactor'
2014-10-02 14:14:22.321 [main] DEBUG org.springframework.beans.factory.support.DefaultListableBeanFactory - Creating shared instance of singleton bean 'runTest'
2014-10-02 14:14:22.321 [main] DEBUG org.springframework.beans.factory.support.DefaultListableBeanFactory - Creating instance of bean 'runTest'
2014-10-02 14:14:22.321 [main] DEBUG org.springframework.beans.factory.support.DefaultListableBeanFactory - Returning cached instance of singleton bean 'testConfiguration'
2014-10-02 14:14:22.323 [main] DEBUG org.springframework.beans.factory.annotation.InjectionMetadata - Registered injected element on class [edu.berkeley.path.next.TestDisruptor.RunTest]: AutowiredFieldElement for private reactor.core.Reactor edu.berkeley.path.next.TestDisruptor.RunTest.rbReactor
2014-10-02 14:14:22.323 [main] DEBUG org.springframework.beans.factory.annotation.InjectionMetadata - Registered injected element on class [edu.berkeley.path.next.TestDisruptor.RunTest]: AutowiredFieldElement for private edu.berkeley.path.next.TestDisruptor.Publisher edu.berkeley.path.next.TestDisruptor.RunTest.publisher
2014-10-02 14:14:22.323 [main] DEBUG org.springframework.beans.factory.annotation.InjectionMetadata - Registered injected element on class [edu.berkeley.path.next.TestDisruptor.RunTest]: AutowiredFieldElement for private edu.berkeley.path.next.TestDisruptor.Receiver edu.berkeley.path.next.TestDisruptor.RunTest.receiver
2014-10-02 14:14:22.323 [main] DEBUG org.springframework.beans.factory.support.DefaultListableBeanFactory - Eagerly caching bean 'runTest' to allow for resolving potential circular references
2014-10-02 14:14:22.323 [main] TRACE org.springframework.beans.CachedIntrospectionResults - Getting BeanInfo for class [edu.berkeley.path.next.TestDisruptor.RunTest]
2014-10-02 14:14:22.324 [main] TRACE org.springframework.beans.CachedIntrospectionResults - Caching PropertyDescriptors for class [edu.berkeley.path.next.TestDisruptor.RunTest]
2014-10-02 14:14:22.324 [main] TRACE org.springframework.beans.CachedIntrospectionResults - Found bean property 'class' of type [java.lang.Class]
2014-10-02 14:14:22.324 [main] DEBUG org.springframework.beans.factory.annotation.InjectionMetadata - Processing injected method of bean 'runTest': AutowiredFieldElement for private reactor.core.Reactor edu.berkeley.path.next.TestDisruptor.RunTest.rbReactor
2014-10-02 14:14:22.324 [main] DEBUG org.springframework.beans.factory.support.DefaultListableBeanFactory - Returning cached instance of singleton bean 'createReactor'
2014-10-02 14:14:22.324 [main] DEBUG org.springframework.beans.factory.annotation.AutowiredAnnotationBeanPostProcessor - Autowiring by type from bean name 'runTest' to bean named 'createReactor'
2014-10-02 14:14:22.324 [main] DEBUG org.springframework.beans.factory.annotation.InjectionMetadata - Processing injected method of bean 'runTest': AutowiredFieldElement for private edu.berkeley.path.next.TestDisruptor.Publisher edu.berkeley.path.next.TestDisruptor.RunTest.publisher
2014-10-02 14:14:22.325 [main] DEBUG org.springframework.beans.factory.support.DefaultListableBeanFactory - Returning cached instance of singleton bean 'publisher'
2014-10-02 14:14:22.325 [main] DEBUG org.springframework.beans.factory.annotation.AutowiredAnnotationBeanPostProcessor - Autowiring by type from bean name 'runTest' to bean named 'publisher'
2014-10-02 14:14:22.325 [main] DEBUG org.springframework.beans.factory.annotation.InjectionMetadata - Processing injected method of bean 'runTest': AutowiredFieldElement for private edu.berkeley.path.next.TestDisruptor.Receiver edu.berkeley.path.next.TestDisruptor.RunTest.receiver
2014-10-02 14:14:22.325 [main] DEBUG org.springframework.beans.factory.support.DefaultListableBeanFactory - Returning cached instance of singleton bean 'receiver'
2014-10-02 14:14:22.325 [main] DEBUG org.springframework.beans.factory.annotation.AutowiredAnnotationBeanPostProcessor - Autowiring by type from bean name 'runTest' to bean named 'receiver'
2014-10-02 14:14:22.325 [main] DEBUG org.springframework.beans.factory.support.DefaultListableBeanFactory - Finished creating instance of bean 'runTest'
2014-10-02 14:14:22.327 [main] DEBUG org.springframework.context.annotation.AnnotationConfigApplicationContext - Unable to locate LifecycleProcessor with name 'lifecycleProcessor': using default [org.springframework.context.support.DefaultLifecycleProcessor@79881c68]
2014-10-02 14:14:22.327 [main] DEBUG org.springframework.beans.factory.support.DefaultListableBeanFactory - Returning cached instance of singleton bean 'lifecycleProcessor'
2014-10-02 14:14:22.327 [main] TRACE org.springframework.context.annotation.AnnotationConfigApplicationContext - Publishing event in org.springframework.context.annotation.AnnotationConfigApplicationContext@61355dd0: org.springframework.context.event.ContextRefreshedEvent[source=org.springframework.context.annotation.AnnotationConfigApplicationContext@61355dd0: startup date [Thu Oct 02 14:14:22 PDT 2014]; root of context hierarchy]
2014-10-02 14:14:22.328 [main] TRACE org.springframework.core.env.PropertySourcesPropertyResolver - getProperty("spring.liveBeansView.mbeanDomain", String)
2014-10-02 14:14:22.328 [main] DEBUG org.springframework.core.env.PropertySourcesPropertyResolver - Searching for key 'spring.liveBeansView.mbeanDomain' in [systemProperties]
2014-10-02 14:14:22.329 [main] DEBUG org.springframework.core.env.PropertySourcesPropertyResolver - Searching for key 'spring.liveBeansView.mbeanDomain' in [systemEnvironment]
2014-10-02 14:14:22.329 [main] TRACE org.springframework.core.env.SystemEnvironmentPropertySource - PropertySource [systemEnvironment] does not contain 'spring.liveBeansView.mbeanDomain'
2014-10-02 14:14:22.329 [main] TRACE org.springframework.core.env.SystemEnvironmentPropertySource - PropertySource [systemEnvironment] does not contain 'spring_liveBeansView_mbeanDomain'
2014-10-02 14:14:22.329 [main] TRACE org.springframework.core.env.SystemEnvironmentPropertySource - PropertySource [systemEnvironment] does not contain 'SPRING.LIVEBEANSVIEW.MBEANDOMAIN'
2014-10-02 14:14:22.329 [main] TRACE org.springframework.core.env.SystemEnvironmentPropertySource - PropertySource [systemEnvironment] does not contain 'SPRING_LIVEBEANSVIEW_MBEANDOMAIN'
2014-10-02 14:14:22.329 [main] DEBUG org.springframework.core.env.PropertySourcesPropertyResolver - Could not find key 'spring.liveBeansView.mbeanDomain' in any property source. Returning [null]
2014-10-02 14:14:22.329 [main] INFO  edu.berkeley.path.next.TestDisruptor.TestOne - start test. 
2014-10-02 14:14:22.330 [main] DEBUG org.springframework.beans.factory.support.DefaultListableBeanFactory - Returning cached instance of singleton bean 'runTest'
2014-10-02 14:14:22.330 [main] INFO  edu.berkeley.path.next.TestDisruptor.TestOne - start runTest. 
2014-10-02 14:14:22.330 [main] INFO  edu.berkeley.path.next.TestDisruptor.LinkManager - LinkManager initialized 
2014-10-02 14:14:22.331 [main] INFO  edu.berkeley.path.next.TestDisruptor.LinkManager - LinkManager returning link 
